<?xml version="1.0" encoding="UTF-8"?>
<testng-results ignored="0" total="1" passed="1" failed="0" skipped="0">
  <reporter-output>
  </reporter-output>
  <suite started-at="2026-05-31T00:52:48 IST" name="Surefire suite" finished-at="2026-05-31T00:53:09 IST" duration-ms="20391">
    <groups>
    </groups>
    <test started-at="2026-05-31T00:52:48 IST" name="Surefire test" finished-at="2026-05-31T00:53:09 IST" duration-ms="20391">
      <class name="com.pages.LoginSmokeTest">
        <test-method is-config="true" signature="setup()[pri:0, instance:com.pages.LoginSmokeTest@6eda5c9]" started-at="2026-05-31T00:52:48 IST" name="setup" finished-at="2026-05-31T00:52:51 IST" duration-ms="2210" status="PASS">
          <reporter-output>
          </reporter-output>
        </test-method> <!-- setup -->
        <test-method signature="smokeLoginTest()[pri:0, instance:com.pages.LoginSmokeTest@6eda5c9]" started-at="2026-05-31T00:52:51 IST" name="smokeLoginTest" finished-at="2026-05-31T00:53:09 IST" duration-ms="17831" status="PASS">
          <reporter-output>
          </reporter-output>
        </test-method> <!-- smokeLoginTest -->
        <test-method is-config="true" signature="teardown()[pri:0, instance:com.pages.LoginSmokeTest@6eda5c9]" started-at="2026-05-31T00:53:09 IST" name="teardown" finished-at="2026-05-31T00:53:09 IST" duration-ms="285" status="PASS">
          <reporter-output>
          </reporter-output>
        </test-method> <!-- teardown -->
      </class> <!-- com.pages.LoginSmokeTest -->
    </test> <!-- Surefire test -->
  </suite> <!-- Surefire suite -->
</testng-results>
